<?xml version="1.0" encoding="UTF-8"?>
<!-- Generated by org.testng.reporters.JUnitXMLReporter -->
<testsuite hostname="DESKTOP-TD6L0N5" ignored="0" name="Firefox Regression Test" tests="4" failures="0" timestamp="10 Jan 2020 17:43:36 GMT" time="44.144" errors="0">
  <testcase name="UserCanSearchWithAutoSuggest" time="8.942" classname="tests.AddProductToShoppingCartTestPT"/>
  <testcase name="UserCanAddProductToShoppingCart" time="4.736" classname="tests.AddProductToShoppingCartTestPT"/>
  <testcase name="addQunatity" time="6.997" classname="tests.AddProductToShoppingCartTestPT"/>
  <testcase name="UserCanRemoveProductFromCart" time="4.827" classname="tests.AddProductToShoppingCartTestPT"/>
</testsuite> <!-- Firefox Regression Test -->
