<?xml version="1.0" encoding="UTF-8"?>
<!-- Generated by org.testng.reporters.JUnitXMLReporter -->
<testsuite hostname="DESKTOP-TD6L0N5" ignored="0" name="Firefox Regression Test" tests="4" failures="0" timestamp="12 Jan 2020 11:24:48 GMT" time="107.239" errors="0">
  <testcase name="UserCanSearchWithAutoSuggest" time="22.668" classname="tests.AddProductToShoppingCartTestPT"/>
  <testcase name="UserCanAddProductToShoppingCart" time="8.55" classname="tests.AddProductToShoppingCartTestPT"/>
  <testcase name="addQunatity" time="5.761" classname="tests.AddProductToShoppingCartTestPT"/>
  <testcase name="UserCanRemoveProductFromCart" time="4.165" classname="tests.AddProductToShoppingCartTestPT"/>
</testsuite> <!-- Firefox Regression Test -->
