<?xml version="1.0" encoding="UTF-8"?>
<!-- Generated by org.testng.reporters.JUnitXMLReporter -->
<testsuite hostname="DESKTOP-TD6L0N5" ignored="0" name="Regression Test" tests="4" failures="0" timestamp="09 Jan 2020 15:29:30 GMT" time="13.717" errors="0">
  <testcase name="UserCanSearchWithAutoSuggest" time="5.698" classname="tests.AddProductToShoppingCartTest"/>
  <testcase name="UserCanAddProductToShoppingCart" time="3.361" classname="tests.AddProductToShoppingCartTest"/>
  <testcase name="addQunatity" time="2.014" classname="tests.AddProductToShoppingCartTest"/>
  <testcase name="UserCanRemoveProductFromCart" time="1.098" classname="tests.AddProductToShoppingCartTest"/>
</testsuite> <!-- Regression Test -->
