<?xml version="1.0" encoding="UTF-8"?>
<testsuite xmlns:xsi="http://www.w3.org/2001/XMLSchema-instance" xsi:noNamespaceSchemaLocation="https://maven.apache.org/surefire/maven-surefire-plugin/xsd/surefire-test-report-3.0.xsd" version="3.0" name="TestSuite" time="25.748" tests="4" errors="0" skipped="0" failures="0">
  <properties>
[...]
</properties>
  <testcase name="UserCanSearchWithAutoSuggest" classname="tests.AddProductToShoppingCartTest" time="5.39"/>
  <testcase name="UserCanAddProductToShoppingCart" classname="tests.AddProductToShoppingCartTest" time="3.64"/>
  <testcase name="addQunatity" classname="tests.AddProductToShoppingCartTest" time="1.844"/>
  <testcase name="UserCanRemoveProductFromCart" classname="tests.AddProductToShoppingCartTest" time="1.75"/>
</testsuite>