<?xml version="1.0" encoding="UTF-8"?>
<testsuite xmlns:xsi="http://www.w3.org/2001/XMLSchema-instance" xsi:noNamespaceSchemaLocation="https://maven.apache.org/surefire/maven-surefire-plugin/xsd/surefire-test-report-3.0.xsd" version="3.0" name="TestSuite" time="129.832" tests="5" errors="0" skipped="0" failures="0">
  <properties>
[...]
</properties>
  <testcase name="UserCanRegisterSuccessfully" classname="tests.RegisteredUserCheckoutProduct" time="10.984"/>
  <testcase name="UserCanSearchWithAutoSuggest" classname="tests.RegisteredUserCheckoutProduct" time="13.334"/>
  <testcase name="addQunatity" classname="tests.RegisteredUserCheckoutProduct" time="41.843"/>
  <testcase name="UserCanCheckoutProduct" classname="tests.RegisteredUserCheckoutProduct" time="23.898"/>
  <testcase name="RegisteredUserCanLogout" classname="tests.RegisteredUserCheckoutProduct" time="3.255"/>
</testsuite>