<?xml version="1.0" encoding="UTF-8"?>
<!-- Generated by org.testng.reporters.JUnitXMLReporter -->
<testsuite hostname="DESKTOP-TD6L0N5" ignored="0" name="Regression Test" tests="5" failures="0" timestamp="13 Jan 2020 13:29:36 GMT" time="94.139" errors="0">
  <testcase name="UserCanRegisterSuccessfully" time="10.984" classname="tests.RegisteredUserCheckoutProduct"/>
  <testcase name="UserCanSearchWithAutoSuggest" time="13.334" classname="tests.RegisteredUserCheckoutProduct"/>
  <testcase name="addQunatity" time="41.843" classname="tests.RegisteredUserCheckoutProduct"/>
  <testcase name="UserCanCheckoutProduct" time="23.898" classname="tests.RegisteredUserCheckoutProduct"/>
  <testcase name="RegisteredUserCanLogout" time="3.255" classname="tests.RegisteredUserCheckoutProduct"/>
</testsuite> <!-- Regression Test -->
