<?xml version="1.0" encoding="UTF-8"?>
<!-- Generated by org.testng.reporters.JUnitXMLReporter -->
<testsuite hostname="DESKTOP-TD6L0N5" ignored="0" name="Regression Test" tests="4" failures="0" timestamp="31 Dec 2019 19:52:33 GMT" time="12.656" errors="0">
  <testcase name="UserCanSearchWithAutoSuggest" time="5.39" classname="tests.AddProductToShoppingCartTest"/>
  <testcase name="UserCanAddProductToShoppingCart" time="3.64" classname="tests.AddProductToShoppingCartTest"/>
  <testcase name="addQunatity" time="1.844" classname="tests.AddProductToShoppingCartTest"/>
  <testcase name="UserCanRemoveProductFromCart" time="1.75" classname="tests.AddProductToShoppingCartTest"/>
</testsuite> <!-- Regression Test -->
